<?xml version="1.0" encoding="UTF-8"?>
<!-- Generated by org.testng.reporters.JUnitXMLReporter -->
<testsuite ignored="0" hostname="L-INE-CYY4T93" failures="0" tests="4" name="Test" time="5.774" errors="0" timestamp="2023-09-05T11:24:58 IST">
  <testcase classname="TestNG7" name="First_fn" time="5.042"/>
  <testcase classname="TestNG7" name="Second_fn" time="0.332"/>
  <testcase classname="TestNG7" name="Third_fn" time="0.102"/>
  <testcase classname="TestNG7" name="fourth_fn" time="0.216"/>
</testsuite> <!-- Test -->
